
code.elf:     file format elf32-avr


Disassembly of section .text:

00000000 <__vectors>:
   0:	0c 94 34 00 	jmp	0x68	; 0x68 <__ctors_end>
   4:	0c 94 46 00 	jmp	0x8c	; 0x8c <__bad_interrupt>
   8:	0c 94 46 00 	jmp	0x8c	; 0x8c <__bad_interrupt>
   c:	0c 94 46 00 	jmp	0x8c	; 0x8c <__bad_interrupt>
  10:	0c 94 46 00 	jmp	0x8c	; 0x8c <__bad_interrupt>
  14:	0c 94 46 00 	jmp	0x8c	; 0x8c <__bad_interrupt>
  18:	0c 94 46 00 	jmp	0x8c	; 0x8c <__bad_interrupt>
  1c:	0c 94 46 00 	jmp	0x8c	; 0x8c <__bad_interrupt>
  20:	0c 94 46 00 	jmp	0x8c	; 0x8c <__bad_interrupt>
  24:	0c 94 46 00 	jmp	0x8c	; 0x8c <__bad_interrupt>
  28:	0c 94 46 00 	jmp	0x8c	; 0x8c <__bad_interrupt>
  2c:	0c 94 46 00 	jmp	0x8c	; 0x8c <__bad_interrupt>
  30:	0c 94 46 00 	jmp	0x8c	; 0x8c <__bad_interrupt>
  34:	0c 94 46 00 	jmp	0x8c	; 0x8c <__bad_interrupt>
  38:	0c 94 46 00 	jmp	0x8c	; 0x8c <__bad_interrupt>
  3c:	0c 94 46 00 	jmp	0x8c	; 0x8c <__bad_interrupt>
  40:	0c 94 46 00 	jmp	0x8c	; 0x8c <__bad_interrupt>
  44:	0c 94 46 00 	jmp	0x8c	; 0x8c <__bad_interrupt>
  48:	0c 94 46 00 	jmp	0x8c	; 0x8c <__bad_interrupt>
  4c:	0c 94 46 00 	jmp	0x8c	; 0x8c <__bad_interrupt>
  50:	0c 94 46 00 	jmp	0x8c	; 0x8c <__bad_interrupt>
  54:	0c 94 46 00 	jmp	0x8c	; 0x8c <__bad_interrupt>
  58:	0c 94 46 00 	jmp	0x8c	; 0x8c <__bad_interrupt>
  5c:	0c 94 46 00 	jmp	0x8c	; 0x8c <__bad_interrupt>
  60:	0c 94 46 00 	jmp	0x8c	; 0x8c <__bad_interrupt>
  64:	0c 94 46 00 	jmp	0x8c	; 0x8c <__bad_interrupt>

00000068 <__ctors_end>:
  68:	11 24       	eor	r1, r1
  6a:	1f be       	out	0x3f, r1	; 63
  6c:	cf ef       	ldi	r28, 0xFF	; 255
  6e:	d8 e0       	ldi	r29, 0x08	; 8
  70:	de bf       	out	0x3e, r29	; 62
  72:	cd bf       	out	0x3d, r28	; 61

00000074 <__do_clear_bss>:
  74:	21 e0       	ldi	r18, 0x01	; 1
  76:	a0 e0       	ldi	r26, 0x00	; 0
  78:	b1 e0       	ldi	r27, 0x01	; 1
  7a:	01 c0       	rjmp	.+2      	; 0x7e <.do_clear_bss_start>

0000007c <.do_clear_bss_loop>:
  7c:	1d 92       	st	X+, r1

0000007e <.do_clear_bss_start>:
  7e:	a6 31       	cpi	r26, 0x16	; 22
  80:	b2 07       	cpc	r27, r18
  82:	e1 f7       	brne	.-8      	; 0x7c <.do_clear_bss_loop>
  84:	0e 94 c1 00 	call	0x182	; 0x182 <main>
  88:	0c 94 90 01 	jmp	0x320	; 0x320 <_exit>

0000008c <__bad_interrupt>:
  8c:	0c 94 00 00 	jmp	0	; 0x0 <__vectors>

00000090 <botaoPress>:
  90:	18 99       	sbic	0x03, 0	; 3
  92:	03 c0       	rjmp	.+6      	; 0x9a <botaoPress+0xa>
  94:	80 e0       	ldi	r24, 0x00	; 0
  96:	90 e0       	ldi	r25, 0x00	; 0
  98:	08 95       	ret
  9a:	18 9b       	sbis	0x03, 0	; 3
  9c:	07 c0       	rjmp	.+14     	; 0xac <botaoPress+0x1c>
  9e:	8f e9       	ldi	r24, 0x9F	; 159
  a0:	9f e0       	ldi	r25, 0x0F	; 15
  a2:	01 97       	sbiw	r24, 0x01	; 1
  a4:	f1 f7       	brne	.-4      	; 0xa2 <botaoPress+0x12>
  a6:	00 c0       	rjmp	.+0      	; 0xa8 <botaoPress+0x18>
  a8:	00 00       	nop
  aa:	f7 cf       	rjmp	.-18     	; 0x9a <botaoPress+0xa>
  ac:	81 e0       	ldi	r24, 0x01	; 1
  ae:	90 e0       	ldi	r25, 0x00	; 0
  b0:	08 95       	ret

000000b2 <desidrata>:
  b2:	81 e0       	ldi	r24, 0x01	; 1
  b4:	90 e0       	ldi	r25, 0x00	; 0
  b6:	90 93 03 01 	sts	0x0103, r25	; 0x800103 <tempvar+0x1>
  ba:	80 93 02 01 	sts	0x0102, r24	; 0x800102 <tempvar>
  be:	10 92 05 01 	sts	0x0105, r1	; 0x800105 <contadorms2+0x1>
  c2:	10 92 04 01 	sts	0x0104, r1	; 0x800104 <contadorms2>
  c6:	62 e0       	ldi	r22, 0x02	; 2
  c8:	70 e0       	ldi	r23, 0x00	; 0
  ca:	e3 e0       	ldi	r30, 0x03	; 3
  cc:	f0 e0       	ldi	r31, 0x00	; 0
  ce:	40 91 02 01 	lds	r20, 0x0102	; 0x800102 <tempvar>
  d2:	50 91 03 01 	lds	r21, 0x0103	; 0x800103 <tempvar+0x1>
  d6:	41 30       	cpi	r20, 0x01	; 1
  d8:	51 05       	cpc	r21, r1
  da:	09 f0       	breq	.+2      	; 0xde <desidrata+0x2c>
  dc:	51 c0       	rjmp	.+162    	; 0x180 <desidrata+0xce>
  de:	8f e9       	ldi	r24, 0x9F	; 159
  e0:	9f e0       	ldi	r25, 0x0F	; 15
  e2:	01 97       	sbiw	r24, 0x01	; 1
  e4:	f1 f7       	brne	.-4      	; 0xe2 <desidrata+0x30>
  e6:	00 c0       	rjmp	.+0      	; 0xe8 <desidrata+0x36>
  e8:	00 00       	nop
  ea:	80 91 04 01 	lds	r24, 0x0104	; 0x800104 <contadorms2>
  ee:	90 91 05 01 	lds	r25, 0x0105	; 0x800105 <contadorms2+0x1>
  f2:	01 96       	adiw	r24, 0x01	; 1
  f4:	90 93 05 01 	sts	0x0105, r25	; 0x800105 <contadorms2+0x1>
  f8:	80 93 04 01 	sts	0x0104, r24	; 0x800104 <contadorms2>
  fc:	20 91 0c 01 	lds	r18, 0x010C	; 0x80010c <nivelUmidade>
 100:	30 91 0d 01 	lds	r19, 0x010D	; 0x80010d <nivelUmidade+0x1>
 104:	24 30       	cpi	r18, 0x04	; 4
 106:	31 05       	cpc	r19, r1
 108:	49 f4       	brne	.+18     	; 0x11c <desidrata+0x6a>
 10a:	88 38       	cpi	r24, 0x88	; 136
 10c:	93 41       	sbci	r25, 0x13	; 19
 10e:	f9 f6       	brne	.-66     	; 0xce <desidrata+0x1c>
 110:	2a 98       	cbi	0x05, 2	; 5
 112:	f0 93 0d 01 	sts	0x010D, r31	; 0x80010d <nivelUmidade+0x1>
 116:	e0 93 0c 01 	sts	0x010C, r30	; 0x80010c <nivelUmidade>
 11a:	0b c0       	rjmp	.+22     	; 0x132 <desidrata+0x80>
 11c:	23 30       	cpi	r18, 0x03	; 3
 11e:	31 05       	cpc	r19, r1
 120:	69 f4       	brne	.+26     	; 0x13c <desidrata+0x8a>
 122:	88 38       	cpi	r24, 0x88	; 136
 124:	93 41       	sbci	r25, 0x13	; 19
 126:	99 f6       	brne	.-90     	; 0xce <desidrata+0x1c>
 128:	2b 98       	cbi	0x05, 3	; 5
 12a:	70 93 0d 01 	sts	0x010D, r23	; 0x80010d <nivelUmidade+0x1>
 12e:	60 93 0c 01 	sts	0x010C, r22	; 0x80010c <nivelUmidade>
 132:	10 92 05 01 	sts	0x0105, r1	; 0x800105 <contadorms2+0x1>
 136:	10 92 04 01 	sts	0x0104, r1	; 0x800104 <contadorms2>
 13a:	c9 cf       	rjmp	.-110    	; 0xce <desidrata+0x1c>
 13c:	22 30       	cpi	r18, 0x02	; 2
 13e:	31 05       	cpc	r19, r1
 140:	49 f4       	brne	.+18     	; 0x154 <desidrata+0xa2>
 142:	88 38       	cpi	r24, 0x88	; 136
 144:	93 41       	sbci	r25, 0x13	; 19
 146:	19 f6       	brne	.-122    	; 0xce <desidrata+0x1c>
 148:	2c 98       	cbi	0x05, 4	; 5
 14a:	50 93 0d 01 	sts	0x010D, r21	; 0x80010d <nivelUmidade+0x1>
 14e:	40 93 0c 01 	sts	0x010C, r20	; 0x80010c <nivelUmidade>
 152:	ef cf       	rjmp	.-34     	; 0x132 <desidrata+0x80>
 154:	21 30       	cpi	r18, 0x01	; 1
 156:	31 05       	cpc	r19, r1
 158:	09 f0       	breq	.+2      	; 0x15c <desidrata+0xaa>
 15a:	b9 cf       	rjmp	.-142    	; 0xce <desidrata+0x1c>
 15c:	88 38       	cpi	r24, 0x88	; 136
 15e:	93 41       	sbci	r25, 0x13	; 19
 160:	09 f0       	breq	.+2      	; 0x164 <desidrata+0xb2>
 162:	b5 cf       	rjmp	.-150    	; 0xce <desidrata+0x1c>
 164:	2d 98       	cbi	0x05, 5	; 5
 166:	10 92 0d 01 	sts	0x010D, r1	; 0x80010d <nivelUmidade+0x1>
 16a:	10 92 0c 01 	sts	0x010C, r1	; 0x80010c <nivelUmidade>
 16e:	10 92 05 01 	sts	0x0105, r1	; 0x800105 <contadorms2+0x1>
 172:	10 92 04 01 	sts	0x0104, r1	; 0x800104 <contadorms2>
 176:	10 92 03 01 	sts	0x0103, r1	; 0x800103 <tempvar+0x1>
 17a:	10 92 02 01 	sts	0x0102, r1	; 0x800102 <tempvar>
 17e:	a7 cf       	rjmp	.-178    	; 0xce <desidrata+0x1c>
 180:	08 95       	ret

00000182 <main>:
 182:	25 9a       	sbi	0x04, 5	; 4
 184:	24 9a       	sbi	0x04, 4	; 4
 186:	23 9a       	sbi	0x04, 3	; 4
 188:	22 9a       	sbi	0x04, 2	; 4
 18a:	20 98       	cbi	0x04, 0	; 4
 18c:	28 98       	cbi	0x05, 0	; 5
 18e:	c4 e0       	ldi	r28, 0x04	; 4
 190:	d8 e0       	ldi	r29, 0x08	; 8
 192:	90 e1       	ldi	r25, 0x10	; 16
 194:	99 2e       	mov	r9, r25
 196:	04 e0       	ldi	r16, 0x04	; 4
 198:	10 e0       	ldi	r17, 0x00	; 0
 19a:	23 e0       	ldi	r18, 0x03	; 3
 19c:	e2 2e       	mov	r14, r18
 19e:	f1 2c       	mov	r15, r1
 1a0:	32 e0       	ldi	r19, 0x02	; 2
 1a2:	c3 2e       	mov	r12, r19
 1a4:	d1 2c       	mov	r13, r1
 1a6:	aa 24       	eor	r10, r10
 1a8:	a3 94       	inc	r10
 1aa:	b1 2c       	mov	r11, r1
 1ac:	10 92 0d 01 	sts	0x010D, r1	; 0x80010d <nivelUmidade+0x1>
 1b0:	10 92 0c 01 	sts	0x010C, r1	; 0x80010c <nivelUmidade>
 1b4:	0e 94 48 00 	call	0x90	; 0x90 <botaoPress>
 1b8:	90 93 0b 01 	sts	0x010B, r25	; 0x80010b <temp+0x1>
 1bc:	80 93 0a 01 	sts	0x010A, r24	; 0x80010a <temp>
 1c0:	80 91 0c 01 	lds	r24, 0x010C	; 0x80010c <nivelUmidade>
 1c4:	90 91 0d 01 	lds	r25, 0x010D	; 0x80010d <nivelUmidade+0x1>
 1c8:	81 30       	cpi	r24, 0x01	; 1
 1ca:	91 05       	cpc	r25, r1
 1cc:	11 f4       	brne	.+4      	; 0x1d2 <main+0x50>
 1ce:	2c 98       	cbi	0x05, 4	; 5
 1d0:	03 c0       	rjmp	.+6      	; 0x1d8 <main+0x56>
 1d2:	82 30       	cpi	r24, 0x02	; 2
 1d4:	91 05       	cpc	r25, r1
 1d6:	11 f4       	brne	.+4      	; 0x1dc <main+0x5a>
 1d8:	2b 98       	cbi	0x05, 3	; 5
 1da:	02 c0       	rjmp	.+4      	; 0x1e0 <main+0x5e>
 1dc:	03 97       	sbiw	r24, 0x03	; 3
 1de:	09 f4       	brne	.+2      	; 0x1e2 <main+0x60>
 1e0:	2a 98       	cbi	0x05, 2	; 5
 1e2:	10 92 09 01 	sts	0x0109, r1	; 0x800109 <contadorms+0x1>
 1e6:	10 92 08 01 	sts	0x0108, r1	; 0x800108 <contadorms>
 1ea:	80 e2       	ldi	r24, 0x20	; 32
 1ec:	88 2e       	mov	r8, r24
 1ee:	80 91 0a 01 	lds	r24, 0x010A	; 0x80010a <temp>
 1f2:	90 91 0b 01 	lds	r25, 0x010B	; 0x80010b <temp+0x1>
 1f6:	01 97       	sbiw	r24, 0x01	; 1
 1f8:	c9 f6       	brne	.-78     	; 0x1ac <main+0x2a>
 1fa:	8f e9       	ldi	r24, 0x9F	; 159
 1fc:	9f e0       	ldi	r25, 0x0F	; 15
 1fe:	01 97       	sbiw	r24, 0x01	; 1
 200:	f1 f7       	brne	.-4      	; 0x1fe <main+0x7c>
 202:	00 c0       	rjmp	.+0      	; 0x204 <main+0x82>
 204:	00 00       	nop
 206:	80 91 08 01 	lds	r24, 0x0108	; 0x800108 <contadorms>
 20a:	90 91 09 01 	lds	r25, 0x0109	; 0x800109 <contadorms+0x1>
 20e:	01 96       	adiw	r24, 0x01	; 1
 210:	90 93 09 01 	sts	0x0109, r25	; 0x800109 <contadorms+0x1>
 214:	80 93 08 01 	sts	0x0108, r24	; 0x800108 <contadorms>
 218:	01 97       	sbiw	r24, 0x01	; 1
 21a:	21 f4       	brne	.+8      	; 0x224 <main+0xa2>
 21c:	2d 98       	cbi	0x05, 5	; 5
 21e:	2c 98       	cbi	0x05, 4	; 5
 220:	2b 98       	cbi	0x05, 3	; 5
 222:	2a 98       	cbi	0x05, 2	; 5
 224:	80 91 08 01 	lds	r24, 0x0108	; 0x800108 <contadorms>
 228:	90 91 09 01 	lds	r25, 0x0109	; 0x800109 <contadorms+0x1>
 22c:	88 3e       	cpi	r24, 0xE8	; 232
 22e:	23 e0       	ldi	r18, 0x03	; 3
 230:	92 07       	cpc	r25, r18
 232:	41 f4       	brne	.+16     	; 0x244 <main+0xc2>
 234:	10 92 0d 01 	sts	0x010D, r1	; 0x80010d <nivelUmidade+0x1>
 238:	10 92 0c 01 	sts	0x010C, r1	; 0x80010c <nivelUmidade>
 23c:	85 b1       	in	r24, 0x05	; 5
 23e:	88 25       	eor	r24, r8
 240:	85 b9       	out	0x05, r24	; 5
 242:	25 c0       	rjmp	.+74     	; 0x28e <main+0x10c>
 244:	80 3d       	cpi	r24, 0xD0	; 208
 246:	27 e0       	ldi	r18, 0x07	; 7
 248:	92 07       	cpc	r25, r18
 24a:	11 f4       	brne	.+4      	; 0x250 <main+0xce>
 24c:	2d 98       	cbi	0x05, 5	; 5
 24e:	19 c0       	rjmp	.+50     	; 0x282 <main+0x100>
 250:	88 3b       	cpi	r24, 0xB8	; 184
 252:	2b e0       	ldi	r18, 0x0B	; 11
 254:	92 07       	cpc	r25, r18
 256:	89 f4       	brne	.+34     	; 0x27a <main+0xf8>
 258:	85 b1       	in	r24, 0x05	; 5
 25a:	88 25       	eor	r24, r8
 25c:	85 b9       	out	0x05, r24	; 5
 25e:	85 b1       	in	r24, 0x05	; 5
 260:	89 25       	eor	r24, r9
 262:	85 b9       	out	0x05, r24	; 5
 264:	85 b1       	in	r24, 0x05	; 5
 266:	8d 27       	eor	r24, r29
 268:	85 b9       	out	0x05, r24	; 5
 26a:	85 b1       	in	r24, 0x05	; 5
 26c:	8c 27       	eor	r24, r28
 26e:	85 b9       	out	0x05, r24	; 5
 270:	b0 92 0d 01 	sts	0x010D, r11	; 0x80010d <nivelUmidade+0x1>
 274:	a0 92 0c 01 	sts	0x010C, r10	; 0x80010c <nivelUmidade>
 278:	ba cf       	rjmp	.-140    	; 0x1ee <main+0x6c>
 27a:	80 3a       	cpi	r24, 0xA0	; 160
 27c:	2f e0       	ldi	r18, 0x0F	; 15
 27e:	92 07       	cpc	r25, r18
 280:	11 f4       	brne	.+4      	; 0x286 <main+0x104>
 282:	2c 98       	cbi	0x05, 4	; 5
 284:	1f c0       	rjmp	.+62     	; 0x2c4 <main+0x142>
 286:	88 38       	cpi	r24, 0x88	; 136
 288:	23 e1       	ldi	r18, 0x13	; 19
 28a:	92 07       	cpc	r25, r18
 28c:	21 f4       	brne	.+8      	; 0x296 <main+0x114>
 28e:	85 b1       	in	r24, 0x05	; 5
 290:	89 25       	eor	r24, r9
 292:	85 b9       	out	0x05, r24	; 5
 294:	0f c0       	rjmp	.+30     	; 0x2b4 <main+0x132>
 296:	80 37       	cpi	r24, 0x70	; 112
 298:	27 e1       	ldi	r18, 0x17	; 23
 29a:	92 07       	cpc	r25, r18
 29c:	39 f4       	brne	.+14     	; 0x2ac <main+0x12a>
 29e:	2b 98       	cbi	0x05, 3	; 5
 2a0:	2a 98       	cbi	0x05, 2	; 5
 2a2:	d0 92 0d 01 	sts	0x010D, r13	; 0x80010d <nivelUmidade+0x1>
 2a6:	c0 92 0c 01 	sts	0x010C, r12	; 0x80010c <nivelUmidade>
 2aa:	a1 cf       	rjmp	.-190    	; 0x1ee <main+0x6c>
 2ac:	88 35       	cpi	r24, 0x58	; 88
 2ae:	2b e1       	ldi	r18, 0x1B	; 27
 2b0:	92 07       	cpc	r25, r18
 2b2:	21 f4       	brne	.+8      	; 0x2bc <main+0x13a>
 2b4:	85 b1       	in	r24, 0x05	; 5
 2b6:	8d 27       	eor	r24, r29
 2b8:	85 b9       	out	0x05, r24	; 5
 2ba:	1f c0       	rjmp	.+62     	; 0x2fa <main+0x178>
 2bc:	80 34       	cpi	r24, 0x40	; 64
 2be:	2f e1       	ldi	r18, 0x1F	; 31
 2c0:	92 07       	cpc	r25, r18
 2c2:	11 f4       	brne	.+4      	; 0x2c8 <main+0x146>
 2c4:	2b 98       	cbi	0x05, 3	; 5
 2c6:	13 c0       	rjmp	.+38     	; 0x2ee <main+0x16c>
 2c8:	88 32       	cpi	r24, 0x28	; 40
 2ca:	23 e2       	ldi	r18, 0x23	; 35
 2cc:	92 07       	cpc	r25, r18
 2ce:	59 f4       	brne	.+22     	; 0x2e6 <main+0x164>
 2d0:	85 b1       	in	r24, 0x05	; 5
 2d2:	8d 27       	eor	r24, r29
 2d4:	85 b9       	out	0x05, r24	; 5
 2d6:	85 b1       	in	r24, 0x05	; 5
 2d8:	8c 27       	eor	r24, r28
 2da:	85 b9       	out	0x05, r24	; 5
 2dc:	f0 92 0d 01 	sts	0x010D, r15	; 0x80010d <nivelUmidade+0x1>
 2e0:	e0 92 0c 01 	sts	0x010C, r14	; 0x80010c <nivelUmidade>
 2e4:	84 cf       	rjmp	.-248    	; 0x1ee <main+0x6c>
 2e6:	80 31       	cpi	r24, 0x10	; 16
 2e8:	27 e2       	ldi	r18, 0x27	; 39
 2ea:	92 07       	cpc	r25, r18
 2ec:	11 f4       	brne	.+4      	; 0x2f2 <main+0x170>
 2ee:	2a 98       	cbi	0x05, 2	; 5
 2f0:	7e cf       	rjmp	.-260    	; 0x1ee <main+0x6c>
 2f2:	88 3f       	cpi	r24, 0xF8	; 248
 2f4:	2a e2       	ldi	r18, 0x2A	; 42
 2f6:	92 07       	cpc	r25, r18
 2f8:	21 f4       	brne	.+8      	; 0x302 <main+0x180>
 2fa:	85 b1       	in	r24, 0x05	; 5
 2fc:	8c 27       	eor	r24, r28
 2fe:	85 b9       	out	0x05, r24	; 5
 300:	76 cf       	rjmp	.-276    	; 0x1ee <main+0x6c>
 302:	80 3e       	cpi	r24, 0xE0	; 224
 304:	9e 42       	sbci	r25, 0x2E	; 46
 306:	09 f0       	breq	.+2      	; 0x30a <main+0x188>
 308:	72 cf       	rjmp	.-284    	; 0x1ee <main+0x6c>
 30a:	10 93 0d 01 	sts	0x010D, r17	; 0x80010d <nivelUmidade+0x1>
 30e:	00 93 0c 01 	sts	0x010C, r16	; 0x80010c <nivelUmidade>
 312:	0e 94 59 00 	call	0xb2	; 0xb2 <desidrata>
 316:	10 92 0b 01 	sts	0x010B, r1	; 0x80010b <temp+0x1>
 31a:	10 92 0a 01 	sts	0x010A, r1	; 0x80010a <temp>
 31e:	67 cf       	rjmp	.-306    	; 0x1ee <main+0x6c>

00000320 <_exit>:
 320:	f8 94       	cli

00000322 <__stop_program>:
 322:	ff cf       	rjmp	.-2      	; 0x322 <__stop_program>
